Terminals unused in grammar

   RESERVED


State 79 conflicts: 3 shift/reduce
State 94 conflicts: 1 shift/reduce
State 95 conflicts: 3 shift/reduce


Grammar

    0 $accept: Prog $end

    1 Prog: ProgHeading ";" ProgBlock "."

    2 ProgHeading: "program" ID "(" "output" ")"

    3 ProgBlock: VarPart FuncPart StatPart

    4 VarPart: "var" VarDeclaration ";" VarDeclarationRepeat
    5        | %empty

    6 VarDeclarationRepeat: VarDeclarationRepeat VarDeclaration ";"
    7                     | %empty

    8 VarDeclaration: IDList ":" ID

    9 IDList: ID IDListRepeat

   10 IDListRepeat: IDListRepeat "," ID
   11             | %empty

   12 FuncPart: FuncPartRepeat

   13 FuncPartRepeat: FuncPartRepeat FuncDeclaration ";"
   14               | %empty

   15 FuncDeclaration: FuncHeading ";" "forward"
   16                | FuncIdent ";" FuncBlock
   17                | FuncHeading ";" FuncBlock

   18 FuncHeading: "function" ID FormalParamList ":" ID

   19 FuncIdent: "function" ID

   20 FormalParamList: "(" FormalParams FormalParamListRepeat ")"
   21                | %empty

   22 FormalParamListRepeat: FormalParamListRepeat ";" FormalParams
   23                      | %empty

   24 FormalParams: VarOptional IDList ":" IDList

   25 VarOptional: "var"
   26            | %empty

   27 FuncBlock: VarPart StatPart

   28 StatPart: "begin" StatList "end"

   29 StatList: Stat StatListRepeat

   30 StatListRepeat: StatListRepeat ";" Stat
   31               | %empty

   32 Stat: StatPart
   33     | "if" Expr "then" Stat StatElse
   34     | "while" Expr "do" Stat
   35     | "repeat" StatList "until" Expr
   36     | "val" "(" "paramstr" "(" Expr ")" "," ID ")"
   37     | StatOptional
   38     | "writeln" WriteInPList

   39 StatElse: "else" Stat
   40         | %empty

   41 StatOptional: ID "assign" Expr
   42             | %empty

   43 WriteInPList: "(" WriteInPListChoose WriteInPListOptional ")"
   44             | %empty

   45 WriteInPListChoose: Expr
   46                   | STRING

   47 WriteInPListOptional: "," WriteInPListChoose
   48                     | %empty

   49 Expr: Expr ExprOP Expr
   50     | ExprChoose Expr
   51     | "(" Expr ")"
   52     | INTEGER
   53     | REAL
   54     | ID ParamList

   55 ExprOP: OP2
   56       | OP3
   57       | OP4

   58 ExprChoose: OP3
   59           | NOT

   60 ParamList: "(" Expr ParamListOptional ")"
   61          | %empty

   62 ParamListOptional: "," Expr


Terminals, with rules where they appear

$end (0) 0
error (256)
RESERVED (258)
REAL (259) 53
INTEGER (260) 52
NOT (261) 59
OP2 (262) 55
OP3 (263) 56 58
OP4 (264) 57
ID (265) 2 8 9 10 18 19 36 41 54
STRING (266) 46
";" (267) 1 4 6 13 15 16 17 22 30
"." (268) 1
"program" (269) 2
"(" (270) 2 20 36 43 51 60
"output" (271) 2
")" (272) 2 20 36 43 51 60
"var" (273) 4 25
":" (274) 8 18 24
"," (275) 10 36 47 62
"forward" (276) 15
"function" (277) 18 19
"begin" (278) 28
"end" (279) 28
"if" (280) 33
"then" (281) 33
"while" (282) 34
"do" (283) 34
"repeat" (284) 35
"until" (285) 35
"val" (286) 36
"paramstr" (287) 36
"writeln" (288) 38
"else" (289) 39
"assign" (290) 41


Nonterminals, with rules where they appear

$accept (36)
    on left: 0
Prog (37)
    on left: 1, on right: 0
ProgHeading (38)
    on left: 2, on right: 1
ProgBlock (39)
    on left: 3, on right: 1
VarPart (40)
    on left: 4 5, on right: 3 27
VarDeclarationRepeat (41)
    on left: 6 7, on right: 4 6
VarDeclaration (42)
    on left: 8, on right: 4 6
IDList (43)
    on left: 9, on right: 8 24
IDListRepeat (44)
    on left: 10 11, on right: 9 10
FuncPart (45)
    on left: 12, on right: 3
FuncPartRepeat (46)
    on left: 13 14, on right: 12 13
FuncDeclaration (47)
    on left: 15 16 17, on right: 13
FuncHeading (48)
    on left: 18, on right: 15 17
FuncIdent (49)
    on left: 19, on right: 16
FormalParamList (50)
    on left: 20 21, on right: 18
FormalParamListRepeat (51)
    on left: 22 23, on right: 20 22
FormalParams (52)
    on left: 24, on right: 20 22
VarOptional (53)
    on left: 25 26, on right: 24
FuncBlock (54)
    on left: 27, on right: 16 17
StatPart (55)
    on left: 28, on right: 3 27 32
StatList (56)
    on left: 29, on right: 28 35
StatListRepeat (57)
    on left: 30 31, on right: 29 30
Stat (58)
    on left: 32 33 34 35 36 37 38, on right: 29 30 33 34 39
StatElse (59)
    on left: 39 40, on right: 33
StatOptional (60)
    on left: 41 42, on right: 37
WriteInPList (61)
    on left: 43 44, on right: 38
WriteInPListChoose (62)
    on left: 45 46, on right: 43 47
WriteInPListOptional (63)
    on left: 47 48, on right: 43
Expr (64)
    on left: 49 50 51 52 53 54, on right: 33 34 35 36 41 45 49 50 51
    60 62
ExprOP (65)
    on left: 55 56 57, on right: 49
ExprChoose (66)
    on left: 58 59, on right: 50
ParamList (67)
    on left: 60 61, on right: 54
ParamListOptional (68)
    on left: 62, on right: 60


State 0

    0 $accept: . Prog $end

    "program"  shift, and go to state 1

    Prog         go to state 2
    ProgHeading  go to state 3


State 1

    2 ProgHeading: "program" . ID "(" "output" ")"

    ID  shift, and go to state 4


State 2

    0 $accept: Prog . $end

    $end  shift, and go to state 5


State 3

    1 Prog: ProgHeading . ";" ProgBlock "."

    ";"  shift, and go to state 6


State 4

    2 ProgHeading: "program" ID . "(" "output" ")"

    "("  shift, and go to state 7


State 5

    0 $accept: Prog $end .

    $default  accept


State 6

    1 Prog: ProgHeading ";" . ProgBlock "."

    "var"  shift, and go to state 8

    $default  reduce using rule 5 (VarPart)

    ProgBlock  go to state 9
    VarPart    go to state 10


State 7

    2 ProgHeading: "program" ID "(" . "output" ")"

    "output"  shift, and go to state 11


State 8

    4 VarPart: "var" . VarDeclaration ";" VarDeclarationRepeat

    ID  shift, and go to state 12

    VarDeclaration  go to state 13
    IDList          go to state 14


State 9

    1 Prog: ProgHeading ";" ProgBlock . "."

    "."  shift, and go to state 15


State 10

    3 ProgBlock: VarPart . FuncPart StatPart

    $default  reduce using rule 14 (FuncPartRepeat)

    FuncPart        go to state 16
    FuncPartRepeat  go to state 17


State 11

    2 ProgHeading: "program" ID "(" "output" . ")"

    ")"  shift, and go to state 18


State 12

    9 IDList: ID . IDListRepeat

    $default  reduce using rule 11 (IDListRepeat)

    IDListRepeat  go to state 19


State 13

    4 VarPart: "var" VarDeclaration . ";" VarDeclarationRepeat

    ";"  shift, and go to state 20


State 14

    8 VarDeclaration: IDList . ":" ID

    ":"  shift, and go to state 21


State 15

    1 Prog: ProgHeading ";" ProgBlock "." .

    $default  reduce using rule 1 (Prog)


State 16

    3 ProgBlock: VarPart FuncPart . StatPart

    "begin"  shift, and go to state 22

    StatPart  go to state 23


State 17

   12 FuncPart: FuncPartRepeat .
   13 FuncPartRepeat: FuncPartRepeat . FuncDeclaration ";"

    "function"  shift, and go to state 24

    $default  reduce using rule 12 (FuncPart)

    FuncDeclaration  go to state 25
    FuncHeading      go to state 26
    FuncIdent        go to state 27


State 18

    2 ProgHeading: "program" ID "(" "output" ")" .

    $default  reduce using rule 2 (ProgHeading)


State 19

    9 IDList: ID IDListRepeat .
   10 IDListRepeat: IDListRepeat . "," ID

    ","  shift, and go to state 28

    $default  reduce using rule 9 (IDList)


State 20

    4 VarPart: "var" VarDeclaration ";" . VarDeclarationRepeat

    $default  reduce using rule 7 (VarDeclarationRepeat)

    VarDeclarationRepeat  go to state 29


State 21

    8 VarDeclaration: IDList ":" . ID

    ID  shift, and go to state 30


State 22

   28 StatPart: "begin" . StatList "end"

    ID         shift, and go to state 31
    "begin"    shift, and go to state 22
    "if"       shift, and go to state 32
    "while"    shift, and go to state 33
    "repeat"   shift, and go to state 34
    "val"      shift, and go to state 35
    "writeln"  shift, and go to state 36

    $default  reduce using rule 42 (StatOptional)

    StatPart      go to state 37
    StatList      go to state 38
    Stat          go to state 39
    StatOptional  go to state 40


State 23

    3 ProgBlock: VarPart FuncPart StatPart .

    $default  reduce using rule 3 (ProgBlock)


State 24

   18 FuncHeading: "function" . ID FormalParamList ":" ID
   19 FuncIdent: "function" . ID

    ID  shift, and go to state 41


State 25

   13 FuncPartRepeat: FuncPartRepeat FuncDeclaration . ";"

    ";"  shift, and go to state 42


State 26

   15 FuncDeclaration: FuncHeading . ";" "forward"
   17                | FuncHeading . ";" FuncBlock

    ";"  shift, and go to state 43


State 27

   16 FuncDeclaration: FuncIdent . ";" FuncBlock

    ";"  shift, and go to state 44


State 28

   10 IDListRepeat: IDListRepeat "," . ID

    ID  shift, and go to state 45


State 29

    4 VarPart: "var" VarDeclaration ";" VarDeclarationRepeat .
    6 VarDeclarationRepeat: VarDeclarationRepeat . VarDeclaration ";"

    ID  shift, and go to state 12

    $default  reduce using rule 4 (VarPart)

    VarDeclaration  go to state 46
    IDList          go to state 14


State 30

    8 VarDeclaration: IDList ":" ID .

    $default  reduce using rule 8 (VarDeclaration)


State 31

   41 StatOptional: ID . "assign" Expr

    "assign"  shift, and go to state 47


State 32

   33 Stat: "if" . Expr "then" Stat StatElse

    REAL     shift, and go to state 48
    INTEGER  shift, and go to state 49
    NOT      shift, and go to state 50
    OP3      shift, and go to state 51
    ID       shift, and go to state 52
    "("      shift, and go to state 53

    Expr        go to state 54
    ExprChoose  go to state 55


State 33

   34 Stat: "while" . Expr "do" Stat

    REAL     shift, and go to state 48
    INTEGER  shift, and go to state 49
    NOT      shift, and go to state 50
    OP3      shift, and go to state 51
    ID       shift, and go to state 52
    "("      shift, and go to state 53

    Expr        go to state 56
    ExprChoose  go to state 55


State 34

   35 Stat: "repeat" . StatList "until" Expr

    ID         shift, and go to state 31
    "begin"    shift, and go to state 22
    "if"       shift, and go to state 32
    "while"    shift, and go to state 33
    "repeat"   shift, and go to state 34
    "val"      shift, and go to state 35
    "writeln"  shift, and go to state 36

    $default  reduce using rule 42 (StatOptional)

    StatPart      go to state 37
    StatList      go to state 57
    Stat          go to state 39
    StatOptional  go to state 40


State 35

   36 Stat: "val" . "(" "paramstr" "(" Expr ")" "," ID ")"

    "("  shift, and go to state 58


State 36

   38 Stat: "writeln" . WriteInPList

    "("  shift, and go to state 59

    $default  reduce using rule 44 (WriteInPList)

    WriteInPList  go to state 60


State 37

   32 Stat: StatPart .

    $default  reduce using rule 32 (Stat)


State 38

   28 StatPart: "begin" StatList . "end"

    "end"  shift, and go to state 61


State 39

   29 StatList: Stat . StatListRepeat

    $default  reduce using rule 31 (StatListRepeat)

    StatListRepeat  go to state 62


State 40

   37 Stat: StatOptional .

    $default  reduce using rule 37 (Stat)


State 41

   18 FuncHeading: "function" ID . FormalParamList ":" ID
   19 FuncIdent: "function" ID .

    "("  shift, and go to state 63

    ":"       reduce using rule 21 (FormalParamList)
    $default  reduce using rule 19 (FuncIdent)

    FormalParamList  go to state 64


State 42

   13 FuncPartRepeat: FuncPartRepeat FuncDeclaration ";" .

    $default  reduce using rule 13 (FuncPartRepeat)


State 43

   15 FuncDeclaration: FuncHeading ";" . "forward"
   17                | FuncHeading ";" . FuncBlock

    "var"      shift, and go to state 8
    "forward"  shift, and go to state 65

    $default  reduce using rule 5 (VarPart)

    VarPart    go to state 66
    FuncBlock  go to state 67


State 44

   16 FuncDeclaration: FuncIdent ";" . FuncBlock

    "var"  shift, and go to state 8

    $default  reduce using rule 5 (VarPart)

    VarPart    go to state 66
    FuncBlock  go to state 68


State 45

   10 IDListRepeat: IDListRepeat "," ID .

    $default  reduce using rule 10 (IDListRepeat)


State 46

    6 VarDeclarationRepeat: VarDeclarationRepeat VarDeclaration . ";"

    ";"  shift, and go to state 69


State 47

   41 StatOptional: ID "assign" . Expr

    REAL     shift, and go to state 48
    INTEGER  shift, and go to state 49
    NOT      shift, and go to state 50
    OP3      shift, and go to state 51
    ID       shift, and go to state 52
    "("      shift, and go to state 53

    Expr        go to state 70
    ExprChoose  go to state 55


State 48

   53 Expr: REAL .

    $default  reduce using rule 53 (Expr)


State 49

   52 Expr: INTEGER .

    $default  reduce using rule 52 (Expr)


State 50

   59 ExprChoose: NOT .

    $default  reduce using rule 59 (ExprChoose)


State 51

   58 ExprChoose: OP3 .

    $default  reduce using rule 58 (ExprChoose)


State 52

   54 Expr: ID . ParamList

    "("  shift, and go to state 71

    $default  reduce using rule 61 (ParamList)

    ParamList  go to state 72


State 53

   51 Expr: "(" . Expr ")"

    REAL     shift, and go to state 48
    INTEGER  shift, and go to state 49
    NOT      shift, and go to state 50
    OP3      shift, and go to state 51
    ID       shift, and go to state 52
    "("      shift, and go to state 53

    Expr        go to state 73
    ExprChoose  go to state 55


State 54

   33 Stat: "if" Expr . "then" Stat StatElse
   49 Expr: Expr . ExprOP Expr

    OP2     shift, and go to state 74
    OP3     shift, and go to state 75
    OP4     shift, and go to state 76
    "then"  shift, and go to state 77

    ExprOP  go to state 78


State 55

   50 Expr: ExprChoose . Expr

    REAL     shift, and go to state 48
    INTEGER  shift, and go to state 49
    NOT      shift, and go to state 50
    OP3      shift, and go to state 51
    ID       shift, and go to state 52
    "("      shift, and go to state 53

    Expr        go to state 79
    ExprChoose  go to state 55


State 56

   34 Stat: "while" Expr . "do" Stat
   49 Expr: Expr . ExprOP Expr

    OP2   shift, and go to state 74
    OP3   shift, and go to state 75
    OP4   shift, and go to state 76
    "do"  shift, and go to state 80

    ExprOP  go to state 78


State 57

   35 Stat: "repeat" StatList . "until" Expr

    "until"  shift, and go to state 81


State 58

   36 Stat: "val" "(" . "paramstr" "(" Expr ")" "," ID ")"

    "paramstr"  shift, and go to state 82


State 59

   43 WriteInPList: "(" . WriteInPListChoose WriteInPListOptional ")"

    REAL     shift, and go to state 48
    INTEGER  shift, and go to state 49
    NOT      shift, and go to state 50
    OP3      shift, and go to state 51
    ID       shift, and go to state 52
    STRING   shift, and go to state 83
    "("      shift, and go to state 53

    WriteInPListChoose  go to state 84
    Expr                go to state 85
    ExprChoose          go to state 55


State 60

   38 Stat: "writeln" WriteInPList .

    $default  reduce using rule 38 (Stat)


State 61

   28 StatPart: "begin" StatList "end" .

    $default  reduce using rule 28 (StatPart)


State 62

   29 StatList: Stat StatListRepeat .
   30 StatListRepeat: StatListRepeat . ";" Stat

    ";"  shift, and go to state 86

    $default  reduce using rule 29 (StatList)


State 63

   20 FormalParamList: "(" . FormalParams FormalParamListRepeat ")"

    "var"  shift, and go to state 87

    $default  reduce using rule 26 (VarOptional)

    FormalParams  go to state 88
    VarOptional   go to state 89


State 64

   18 FuncHeading: "function" ID FormalParamList . ":" ID

    ":"  shift, and go to state 90


State 65

   15 FuncDeclaration: FuncHeading ";" "forward" .

    $default  reduce using rule 15 (FuncDeclaration)


State 66

   27 FuncBlock: VarPart . StatPart

    "begin"  shift, and go to state 22

    StatPart  go to state 91


State 67

   17 FuncDeclaration: FuncHeading ";" FuncBlock .

    $default  reduce using rule 17 (FuncDeclaration)


State 68

   16 FuncDeclaration: FuncIdent ";" FuncBlock .

    $default  reduce using rule 16 (FuncDeclaration)


State 69

    6 VarDeclarationRepeat: VarDeclarationRepeat VarDeclaration ";" .

    $default  reduce using rule 6 (VarDeclarationRepeat)


State 70

   41 StatOptional: ID "assign" Expr .
   49 Expr: Expr . ExprOP Expr

    OP2  shift, and go to state 74
    OP3  shift, and go to state 75
    OP4  shift, and go to state 76

    $default  reduce using rule 41 (StatOptional)

    ExprOP  go to state 78


State 71

   60 ParamList: "(" . Expr ParamListOptional ")"

    REAL     shift, and go to state 48
    INTEGER  shift, and go to state 49
    NOT      shift, and go to state 50
    OP3      shift, and go to state 51
    ID       shift, and go to state 52
    "("      shift, and go to state 53

    Expr        go to state 92
    ExprChoose  go to state 55


State 72

   54 Expr: ID ParamList .

    $default  reduce using rule 54 (Expr)


State 73

   49 Expr: Expr . ExprOP Expr
   51     | "(" Expr . ")"

    OP2  shift, and go to state 74
    OP3  shift, and go to state 75
    OP4  shift, and go to state 76
    ")"  shift, and go to state 93

    ExprOP  go to state 78


State 74

   55 ExprOP: OP2 .

    $default  reduce using rule 55 (ExprOP)


State 75

   56 ExprOP: OP3 .

    $default  reduce using rule 56 (ExprOP)


State 76

   57 ExprOP: OP4 .

    $default  reduce using rule 57 (ExprOP)


State 77

   33 Stat: "if" Expr "then" . Stat StatElse

    ID         shift, and go to state 31
    "begin"    shift, and go to state 22
    "if"       shift, and go to state 32
    "while"    shift, and go to state 33
    "repeat"   shift, and go to state 34
    "val"      shift, and go to state 35
    "writeln"  shift, and go to state 36

    $default  reduce using rule 42 (StatOptional)

    StatPart      go to state 37
    Stat          go to state 94
    StatOptional  go to state 40


State 78

   49 Expr: Expr ExprOP . Expr

    REAL     shift, and go to state 48
    INTEGER  shift, and go to state 49
    NOT      shift, and go to state 50
    OP3      shift, and go to state 51
    ID       shift, and go to state 52
    "("      shift, and go to state 53

    Expr        go to state 95
    ExprChoose  go to state 55


State 79

   49 Expr: Expr . ExprOP Expr
   50     | ExprChoose Expr .

    OP2  shift, and go to state 74
    OP3  shift, and go to state 75
    OP4  shift, and go to state 76

    OP2       [reduce using rule 50 (Expr)]
    OP3       [reduce using rule 50 (Expr)]
    OP4       [reduce using rule 50 (Expr)]
    $default  reduce using rule 50 (Expr)

    ExprOP  go to state 78


State 80

   34 Stat: "while" Expr "do" . Stat

    ID         shift, and go to state 31
    "begin"    shift, and go to state 22
    "if"       shift, and go to state 32
    "while"    shift, and go to state 33
    "repeat"   shift, and go to state 34
    "val"      shift, and go to state 35
    "writeln"  shift, and go to state 36

    $default  reduce using rule 42 (StatOptional)

    StatPart      go to state 37
    Stat          go to state 96
    StatOptional  go to state 40


State 81

   35 Stat: "repeat" StatList "until" . Expr

    REAL     shift, and go to state 48
    INTEGER  shift, and go to state 49
    NOT      shift, and go to state 50
    OP3      shift, and go to state 51
    ID       shift, and go to state 52
    "("      shift, and go to state 53

    Expr        go to state 97
    ExprChoose  go to state 55


State 82

   36 Stat: "val" "(" "paramstr" . "(" Expr ")" "," ID ")"

    "("  shift, and go to state 98


State 83

   46 WriteInPListChoose: STRING .

    $default  reduce using rule 46 (WriteInPListChoose)


State 84

   43 WriteInPList: "(" WriteInPListChoose . WriteInPListOptional ")"

    ","  shift, and go to state 99

    $default  reduce using rule 48 (WriteInPListOptional)

    WriteInPListOptional  go to state 100


State 85

   45 WriteInPListChoose: Expr .
   49 Expr: Expr . ExprOP Expr

    OP2  shift, and go to state 74
    OP3  shift, and go to state 75
    OP4  shift, and go to state 76

    $default  reduce using rule 45 (WriteInPListChoose)

    ExprOP  go to state 78


State 86

   30 StatListRepeat: StatListRepeat ";" . Stat

    ID         shift, and go to state 31
    "begin"    shift, and go to state 22
    "if"       shift, and go to state 32
    "while"    shift, and go to state 33
    "repeat"   shift, and go to state 34
    "val"      shift, and go to state 35
    "writeln"  shift, and go to state 36

    $default  reduce using rule 42 (StatOptional)

    StatPart      go to state 37
    Stat          go to state 101
    StatOptional  go to state 40


State 87

   25 VarOptional: "var" .

    $default  reduce using rule 25 (VarOptional)


State 88

   20 FormalParamList: "(" FormalParams . FormalParamListRepeat ")"

    $default  reduce using rule 23 (FormalParamListRepeat)

    FormalParamListRepeat  go to state 102


State 89

   24 FormalParams: VarOptional . IDList ":" IDList

    ID  shift, and go to state 12

    IDList  go to state 103


State 90

   18 FuncHeading: "function" ID FormalParamList ":" . ID

    ID  shift, and go to state 104


State 91

   27 FuncBlock: VarPart StatPart .

    $default  reduce using rule 27 (FuncBlock)


State 92

   49 Expr: Expr . ExprOP Expr
   60 ParamList: "(" Expr . ParamListOptional ")"

    OP2  shift, and go to state 74
    OP3  shift, and go to state 75
    OP4  shift, and go to state 76
    ","  shift, and go to state 105

    ExprOP             go to state 78
    ParamListOptional  go to state 106


State 93

   51 Expr: "(" Expr ")" .

    $default  reduce using rule 51 (Expr)


State 94

   33 Stat: "if" Expr "then" Stat . StatElse

    "else"  shift, and go to state 107

    "else"    [reduce using rule 40 (StatElse)]
    $default  reduce using rule 40 (StatElse)

    StatElse  go to state 108


State 95

   49 Expr: Expr . ExprOP Expr
   49     | Expr ExprOP Expr .

    OP2  shift, and go to state 74
    OP3  shift, and go to state 75
    OP4  shift, and go to state 76

    OP2       [reduce using rule 49 (Expr)]
    OP3       [reduce using rule 49 (Expr)]
    OP4       [reduce using rule 49 (Expr)]
    $default  reduce using rule 49 (Expr)

    ExprOP  go to state 78


State 96

   34 Stat: "while" Expr "do" Stat .

    $default  reduce using rule 34 (Stat)


State 97

   35 Stat: "repeat" StatList "until" Expr .
   49 Expr: Expr . ExprOP Expr

    OP2  shift, and go to state 74
    OP3  shift, and go to state 75
    OP4  shift, and go to state 76

    $default  reduce using rule 35 (Stat)

    ExprOP  go to state 78


State 98

   36 Stat: "val" "(" "paramstr" "(" . Expr ")" "," ID ")"

    REAL     shift, and go to state 48
    INTEGER  shift, and go to state 49
    NOT      shift, and go to state 50
    OP3      shift, and go to state 51
    ID       shift, and go to state 52
    "("      shift, and go to state 53

    Expr        go to state 109
    ExprChoose  go to state 55


State 99

   47 WriteInPListOptional: "," . WriteInPListChoose

    REAL     shift, and go to state 48
    INTEGER  shift, and go to state 49
    NOT      shift, and go to state 50
    OP3      shift, and go to state 51
    ID       shift, and go to state 52
    STRING   shift, and go to state 83
    "("      shift, and go to state 53

    WriteInPListChoose  go to state 110
    Expr                go to state 85
    ExprChoose          go to state 55


State 100

   43 WriteInPList: "(" WriteInPListChoose WriteInPListOptional . ")"

    ")"  shift, and go to state 111


State 101

   30 StatListRepeat: StatListRepeat ";" Stat .

    $default  reduce using rule 30 (StatListRepeat)


State 102

   20 FormalParamList: "(" FormalParams FormalParamListRepeat . ")"
   22 FormalParamListRepeat: FormalParamListRepeat . ";" FormalParams

    ";"  shift, and go to state 112
    ")"  shift, and go to state 113


State 103

   24 FormalParams: VarOptional IDList . ":" IDList

    ":"  shift, and go to state 114


State 104

   18 FuncHeading: "function" ID FormalParamList ":" ID .

    $default  reduce using rule 18 (FuncHeading)


State 105

   62 ParamListOptional: "," . Expr

    REAL     shift, and go to state 48
    INTEGER  shift, and go to state 49
    NOT      shift, and go to state 50
    OP3      shift, and go to state 51
    ID       shift, and go to state 52
    "("      shift, and go to state 53

    Expr        go to state 115
    ExprChoose  go to state 55


State 106

   60 ParamList: "(" Expr ParamListOptional . ")"

    ")"  shift, and go to state 116


State 107

   39 StatElse: "else" . Stat

    ID         shift, and go to state 31
    "begin"    shift, and go to state 22
    "if"       shift, and go to state 32
    "while"    shift, and go to state 33
    "repeat"   shift, and go to state 34
    "val"      shift, and go to state 35
    "writeln"  shift, and go to state 36

    $default  reduce using rule 42 (StatOptional)

    StatPart      go to state 37
    Stat          go to state 117
    StatOptional  go to state 40


State 108

   33 Stat: "if" Expr "then" Stat StatElse .

    $default  reduce using rule 33 (Stat)


State 109

   36 Stat: "val" "(" "paramstr" "(" Expr . ")" "," ID ")"
   49 Expr: Expr . ExprOP Expr

    OP2  shift, and go to state 74
    OP3  shift, and go to state 75
    OP4  shift, and go to state 76
    ")"  shift, and go to state 118

    ExprOP  go to state 78


State 110

   47 WriteInPListOptional: "," WriteInPListChoose .

    $default  reduce using rule 47 (WriteInPListOptional)


State 111

   43 WriteInPList: "(" WriteInPListChoose WriteInPListOptional ")" .

    $default  reduce using rule 43 (WriteInPList)


State 112

   22 FormalParamListRepeat: FormalParamListRepeat ";" . FormalParams

    "var"  shift, and go to state 87

    $default  reduce using rule 26 (VarOptional)

    FormalParams  go to state 119
    VarOptional   go to state 89


State 113

   20 FormalParamList: "(" FormalParams FormalParamListRepeat ")" .

    $default  reduce using rule 20 (FormalParamList)


State 114

   24 FormalParams: VarOptional IDList ":" . IDList

    ID  shift, and go to state 12

    IDList  go to state 120


State 115

   49 Expr: Expr . ExprOP Expr
   62 ParamListOptional: "," Expr .

    OP2  shift, and go to state 74
    OP3  shift, and go to state 75
    OP4  shift, and go to state 76

    $default  reduce using rule 62 (ParamListOptional)

    ExprOP  go to state 78


State 116

   60 ParamList: "(" Expr ParamListOptional ")" .

    $default  reduce using rule 60 (ParamList)


State 117

   39 StatElse: "else" Stat .

    $default  reduce using rule 39 (StatElse)


State 118

   36 Stat: "val" "(" "paramstr" "(" Expr ")" . "," ID ")"

    ","  shift, and go to state 121


State 119

   22 FormalParamListRepeat: FormalParamListRepeat ";" FormalParams .

    $default  reduce using rule 22 (FormalParamListRepeat)


State 120

   24 FormalParams: VarOptional IDList ":" IDList .

    $default  reduce using rule 24 (FormalParams)


State 121

   36 Stat: "val" "(" "paramstr" "(" Expr ")" "," . ID ")"

    ID  shift, and go to state 122


State 122

   36 Stat: "val" "(" "paramstr" "(" Expr ")" "," ID . ")"

    ")"  shift, and go to state 123


State 123

   36 Stat: "val" "(" "paramstr" "(" Expr ")" "," ID ")" .

    $default  reduce using rule 36 (Stat)
